<?xml version="1.0" encoding="UTF-8"?>
<testsuite xmlns:xsi="http://www.w3.org/2001/XMLSchema-instance" xsi:noNamespaceSchemaLocation="https://maven.apache.org/surefire/maven-surefire-plugin/xsd/surefire-test-report-3.0.xsd" version="3.0" name="com.example.RunCucumberTest" time="38.35" tests="0" errors="0" skipped="0" failures="0">
  <properties>
    <property name="java.specification.version" value="15"/>
    <property name="webdriver.chrome.driver" value="/Users/jhinni01/.cache/selenium/chromedriver/mac64/95.0.4638.69/chromedriver"/>
    <property name="sun.jnu.encoding" value="UTF-8"/>
    <property name="java.class.path" value="/Users/jhinni01/Documents/Nihar/Me/Gitlab_repos/simple_browserstack_demo/target/test-classes:/Users/jhinni01/Documents/Nihar/Me/Gitlab_repos/simple_browserstack_demo/target/classes:/Users/jhinni01/.m2/repository/com/googlecode/json-simple/json-simple/1.1/json-simple-1.1.jar:/Users/jhinni01/.m2/repository/org/seleniumhq/selenium/selenium-java/3.141.59/selenium-java-3.141.59.jar:/Users/jhinni01/.m2/repository/org/seleniumhq/selenium/selenium-api/3.141.59/selenium-api-3.141.59.jar:/Users/jhinni01/.m2/repository/org/seleniumhq/selenium/selenium-chrome-driver/3.141.59/selenium-chrome-driver-3.141.59.jar:/Users/jhinni01/.m2/repository/org/seleniumhq/selenium/selenium-edge-driver/3.141.59/selenium-edge-driver-3.141.59.jar:/Users/jhinni01/.m2/repository/org/seleniumhq/selenium/selenium-firefox-driver/3.141.59/selenium-firefox-driver-3.141.59.jar:/Users/jhinni01/.m2/repository/org/seleniumhq/selenium/selenium-ie-driver/3.141.59/selenium-ie-driver-3.141.59.jar:/Users/jhinni01/.m2/repository/org/seleniumhq/selenium/selenium-opera-driver/3.141.59/selenium-opera-driver-3.141.59.jar:/Users/jhinni01/.m2/repository/org/seleniumhq/selenium/selenium-remote-driver/3.141.59/selenium-remote-driver-3.141.59.jar:/Users/jhinni01/.m2/repository/org/seleniumhq/selenium/selenium-safari-driver/3.141.59/selenium-safari-driver-3.141.59.jar:/Users/jhinni01/.m2/repository/org/seleniumhq/selenium/selenium-support/3.141.59/selenium-support-3.141.59.jar:/Users/jhinni01/.m2/repository/net/bytebuddy/byte-buddy/1.8.15/byte-buddy-1.8.15.jar:/Users/jhinni01/.m2/repository/org/apache/commons/commons-exec/1.3/commons-exec-1.3.jar:/Users/jhinni01/.m2/repository/com/google/guava/guava/25.0-jre/guava-25.0-jre.jar:/Users/jhinni01/.m2/repository/com/google/code/findbugs/jsr305/1.3.9/jsr305-1.3.9.jar:/Users/jhinni01/.m2/repository/org/checkerframework/checker-compat-qual/2.0.0/checker-compat-qual-2.0.0.jar:/Users/jhinni01/.m2/repository/com/google/errorprone/error_prone_annotations/2.1.3/error_prone_annotations-2.1.3.jar:/Users/jhinni01/.m2/repository/com/google/j2objc/j2objc-annotations/1.1/j2objc-annotations-1.1.jar:/Users/jhinni01/.m2/repository/org/codehaus/mojo/animal-sniffer-annotations/1.14/animal-sniffer-annotations-1.14.jar:/Users/jhinni01/.m2/repository/com/squareup/okhttp3/okhttp/3.11.0/okhttp-3.11.0.jar:/Users/jhinni01/.m2/repository/com/squareup/okio/okio/1.14.0/okio-1.14.0.jar:/Users/jhinni01/.m2/repository/io/appium/java-client/7.3.0/java-client-7.3.0.jar:/Users/jhinni01/.m2/repository/com/google/code/gson/gson/2.8.5/gson-2.8.5.jar:/Users/jhinni01/.m2/repository/org/apache/httpcomponents/httpclient/4.5.9/httpclient-4.5.9.jar:/Users/jhinni01/.m2/repository/org/apache/httpcomponents/httpcore/4.4.11/httpcore-4.4.11.jar:/Users/jhinni01/.m2/repository/commons-codec/commons-codec/1.11/commons-codec-1.11.jar:/Users/jhinni01/.m2/repository/cglib/cglib/3.2.12/cglib-3.2.12.jar:/Users/jhinni01/.m2/repository/org/ow2/asm/asm/7.1/asm-7.1.jar:/Users/jhinni01/.m2/repository/commons-validator/commons-validator/1.6/commons-validator-1.6.jar:/Users/jhinni01/.m2/repository/commons-beanutils/commons-beanutils/1.9.2/commons-beanutils-1.9.2.jar:/Users/jhinni01/.m2/repository/commons-digester/commons-digester/1.8.1/commons-digester-1.8.1.jar:/Users/jhinni01/.m2/repository/commons-collections/commons-collections/3.2.2/commons-collections-3.2.2.jar:/Users/jhinni01/.m2/repository/org/apache/commons/commons-lang3/3.9/commons-lang3-3.9.jar:/Users/jhinni01/.m2/repository/commons-io/commons-io/2.6/commons-io-2.6.jar:/Users/jhinni01/.m2/repository/org/springframework/spring-context/5.1.8.RELEASE/spring-context-5.1.8.RELEASE.jar:/Users/jhinni01/.m2/repository/org/springframework/spring-aop/5.1.8.RELEASE/spring-aop-5.1.8.RELEASE.jar:/Users/jhinni01/.m2/repository/org/springframework/spring-beans/5.1.8.RELEASE/spring-beans-5.1.8.RELEASE.jar:/Users/jhinni01/.m2/repository/org/springframework/spring-core/5.1.8.RELEASE/spring-core-5.1.8.RELEASE.jar:/Users/jhinni01/.m2/repository/org/springframework/spring-jcl/5.1.8.RELEASE/spring-jcl-5.1.8.RELEASE.jar:/Users/jhinni01/.m2/repository/org/springframework/spring-expression/5.1.8.RELEASE/spring-expression-5.1.8.RELEASE.jar:/Users/jhinni01/.m2/repository/org/aspectj/aspectjweaver/1.9.4/aspectjweaver-1.9.4.jar:/Users/jhinni01/.m2/repository/org/slf4j/slf4j-api/1.7.26/slf4j-api-1.7.26.jar:/Users/jhinni01/.m2/repository/io/github/bonigarcia/webdrivermanager/4.2.0/webdrivermanager-4.2.0.jar:/Users/jhinni01/.m2/repository/org/apache/httpcomponents/client5/httpclient5/5.0.1/httpclient5-5.0.1.jar:/Users/jhinni01/.m2/repository/org/apache/httpcomponents/core5/httpcore5/5.0.1/httpcore5-5.0.1.jar:/Users/jhinni01/.m2/repository/org/apache/httpcomponents/core5/httpcore5-h2/5.0.1/httpcore5-h2-5.0.1.jar:/Users/jhinni01/.m2/repository/org/rauschig/jarchivelib/1.0.0/jarchivelib-1.0.0.jar:/Users/jhinni01/.m2/repository/org/apache/commons/commons-compress/1.18/commons-compress-1.18.jar:/Users/jhinni01/.m2/repository/org/jsoup/jsoup/1.13.1/jsoup-1.13.1.jar:/Users/jhinni01/.m2/repository/org/testng/testng/7.1.0/testng-7.1.0.jar:/Users/jhinni01/.m2/repository/com/beust/jcommander/1.72/jcommander-1.72.jar:/Users/jhinni01/.m2/repository/com/google/inject/guice/4.1.0/guice-4.1.0-no_aop.jar:/Users/jhinni01/.m2/repository/javax/inject/javax.inject/1/javax.inject-1.jar:/Users/jhinni01/.m2/repository/aopalliance/aopalliance/1.0/aopalliance-1.0.jar:/Users/jhinni01/.m2/repository/org/yaml/snakeyaml/1.21/snakeyaml-1.21.jar:/Users/jhinni01/.m2/repository/com/jayway/restassured/rest-assured/2.9.0/rest-assured-2.9.0.jar:/Users/jhinni01/.m2/repository/org/codehaus/groovy/groovy/2.4.4/groovy-2.4.4.jar:/Users/jhinni01/.m2/repository/org/codehaus/groovy/groovy-xml/2.4.4/groovy-xml-2.4.4.jar:/Users/jhinni01/.m2/repository/org/apache/httpcomponents/httpmime/4.5.1/httpmime-4.5.1.jar:/Users/jhinni01/.m2/repository/org/hamcrest/hamcrest-core/1.3/hamcrest-core-1.3.jar:/Users/jhinni01/.m2/repository/org/hamcrest/hamcrest-library/1.3/hamcrest-library-1.3.jar:/Users/jhinni01/.m2/repository/org/ccil/cowan/tagsoup/tagsoup/1.2.1/tagsoup-1.2.1.jar:/Users/jhinni01/.m2/repository/com/jayway/restassured/json-path/2.9.0/json-path-2.9.0.jar:/Users/jhinni01/.m2/repository/org/codehaus/groovy/groovy-json/2.4.4/groovy-json-2.4.4.jar:/Users/jhinni01/.m2/repository/com/jayway/restassured/rest-assured-common/2.9.0/rest-assured-common-2.9.0.jar:/Users/jhinni01/.m2/repository/com/jayway/restassured/xml-path/2.9.0/xml-path-2.9.0.jar:/Users/jhinni01/.m2/repository/io/cucumber/cucumber-java/5.0.0/cucumber-java-5.0.0.jar:/Users/jhinni01/.m2/repository/io/cucumber/cucumber-core/5.0.0/cucumber-core-5.0.0.jar:/Users/jhinni01/.m2/repository/io/cucumber/cucumber-gherkin/5.0.0/cucumber-gherkin-5.0.0.jar:/Users/jhinni01/.m2/repository/io/cucumber/cucumber-gherkin-vintage/5.0.0/cucumber-gherkin-vintage-5.0.0.jar:/Users/jhinni01/.m2/repository/io/cucumber/tag-expressions/2.0.4/tag-expressions-2.0.4.jar:/Users/jhinni01/.m2/repository/io/cucumber/cucumber-expressions/8.3.1/cucumber-expressions-8.3.1.jar:/Users/jhinni01/.m2/repository/io/cucumber/datatable/3.2.0/datatable-3.2.0.jar:/Users/jhinni01/.m2/repository/io/cucumber/cucumber-plugin/5.0.0/cucumber-plugin-5.0.0.jar:/Users/jhinni01/.m2/repository/io/cucumber/docstring/5.0.0/docstring-5.0.0.jar:/Users/jhinni01/.m2/repository/org/apiguardian/apiguardian-api/1.1.0/apiguardian-api-1.1.0.jar:/Users/jhinni01/.m2/repository/junit/junit/4.13/junit-4.13.jar:/Users/jhinni01/.m2/repository/io/cucumber/cucumber-junit/5.0.0/cucumber-junit-5.0.0.jar:/Users/jhinni01/.m2/repository/org/apache/logging/log4j/log4j-api/2.11.1/log4j-api-2.11.1.jar:/Users/jhinni01/.m2/repository/org/apache/logging/log4j/log4j-core/2.11.1/log4j-core-2.11.1.jar:/Users/jhinni01/.m2/repository/org/apache/logging/log4j/log4j-slf4j-impl/2.11.1/log4j-slf4j-impl-2.11.1.jar:/Users/jhinni01/.m2/repository/io/github/seleniumquery/seleniumquery/0.20.0/seleniumquery-0.20.0.jar:/Users/jhinni01/.m2/repository/net/sourceforge/cssparser/cssparser/0.9.26/cssparser-0.9.26.jar:/Users/jhinni01/.m2/repository/org/w3c/css/sac/1.3/sac-1.3.jar:/Users/jhinni01/.m2/repository/org/apache/commons/commons-text/1.6/commons-text-1.6.jar:/Users/jhinni01/.m2/repository/org/seleniumhq/selenium/htmlunit-driver/2.33.3/htmlunit-driver-2.33.3.jar:/Users/jhinni01/.m2/repository/net/sourceforge/htmlunit/htmlunit/2.33/htmlunit-2.33.jar:/Users/jhinni01/.m2/repository/xalan/xalan/2.7.2/xalan-2.7.2.jar:/Users/jhinni01/.m2/repository/xalan/serializer/2.7.2/serializer-2.7.2.jar:/Users/jhinni01/.m2/repository/net/sourceforge/htmlunit/htmlunit-core-js/2.33/htmlunit-core-js-2.33.jar:/Users/jhinni01/.m2/repository/net/sourceforge/htmlunit/neko-htmlunit/2.33/neko-htmlunit-2.33.jar:/Users/jhinni01/.m2/repository/xerces/xercesImpl/2.12.0/xercesImpl-2.12.0.jar:/Users/jhinni01/.m2/repository/xml-apis/xml-apis/1.4.01/xml-apis-1.4.01.jar:/Users/jhinni01/.m2/repository/net/sourceforge/htmlunit/htmlunit-cssparser/1.2.0/htmlunit-cssparser-1.2.0.jar:/Users/jhinni01/.m2/repository/commons-net/commons-net/3.6/commons-net-3.6.jar:/Users/jhinni01/.m2/repository/org/eclipse/jetty/websocket/websocket-client/9.4.12.v20180830/websocket-client-9.4.12.v20180830.jar:/Users/jhinni01/.m2/repository/org/eclipse/jetty/jetty-client/9.4.12.v20180830/jetty-client-9.4.12.v20180830.jar:/Users/jhinni01/.m2/repository/org/eclipse/jetty/jetty-http/9.4.12.v20180830/jetty-http-9.4.12.v20180830.jar:/Users/jhinni01/.m2/repository/org/eclipse/jetty/jetty-xml/9.4.12.v20180830/jetty-xml-9.4.12.v20180830.jar:/Users/jhinni01/.m2/repository/org/eclipse/jetty/jetty-util/9.4.12.v20180830/jetty-util-9.4.12.v20180830.jar:/Users/jhinni01/.m2/repository/org/eclipse/jetty/jetty-io/9.4.12.v20180830/jetty-io-9.4.12.v20180830.jar:/Users/jhinni01/.m2/repository/org/eclipse/jetty/websocket/websocket-common/9.4.12.v20180830/websocket-common-9.4.12.v20180830.jar:/Users/jhinni01/.m2/repository/org/eclipse/jetty/websocket/websocket-api/9.4.12.v20180830/websocket-api-9.4.12.v20180830.jar:/Users/jhinni01/.m2/repository/com/codeborne/phantomjsdriver/1.4.4/phantomjsdriver-1.4.4.jar:/Users/jhinni01/.m2/repository/commons-logging/commons-logging/1.2/commons-logging-1.2.jar:/Users/jhinni01/.m2/repository/org/unbescape/unbescape/1.1.6.RELEASE/unbescape-1.1.6.RELEASE.jar:/Users/jhinni01/.m2/repository/javax/xml/bind/jaxb-api/2.3.1/jaxb-api-2.3.1.jar:/Users/jhinni01/.m2/repository/javax/activation/javax.activation-api/1.2.0/javax.activation-api-1.2.0.jar:"/>
    <property name="java.vm.vendor" value="Oracle Corporation"/>
    <property name="sun.arch.data.model" value="64"/>
    <property name="java.vendor.url" value="https://openjdk.java.net/"/>
    <property name="user.timezone" value="Australia/Sydney"/>
    <property name="os.name" value="Mac OS X"/>
    <property name="java.vm.specification.version" value="15"/>
    <property name="sun.java.launcher" value="SUN_STANDARD"/>
    <property name="user.country" value="GB"/>
    <property name="sun.boot.library.path" value="/usr/local/Cellar/openjdk/15.0.1/libexec/openjdk.jdk/Contents/Home/lib"/>
    <property name="sun.java.command" value="/Users/jhinni01/Documents/Nihar/Me/Gitlab_repos/simple_browserstack_demo/target/surefire/surefirebooter1485431266588742864.jar /Users/jhinni01/Documents/Nihar/Me/Gitlab_repos/simple_browserstack_demo/target/surefire 2021-11-18T13-02-53_388-jvmRun1 surefire12228089870775762557tmp surefire_014880089604871092135tmp"/>
    <property name="http.nonProxyHosts" value="local|*.local|169.254/16|*.169.254/16"/>
    <property name="jdk.debug" value="release"/>
    <property name="surefire.test.class.path" value="/Users/jhinni01/Documents/Nihar/Me/Gitlab_repos/simple_browserstack_demo/target/test-classes:/Users/jhinni01/Documents/Nihar/Me/Gitlab_repos/simple_browserstack_demo/target/classes:/Users/jhinni01/.m2/repository/com/googlecode/json-simple/json-simple/1.1/json-simple-1.1.jar:/Users/jhinni01/.m2/repository/org/seleniumhq/selenium/selenium-java/3.141.59/selenium-java-3.141.59.jar:/Users/jhinni01/.m2/repository/org/seleniumhq/selenium/selenium-api/3.141.59/selenium-api-3.141.59.jar:/Users/jhinni01/.m2/repository/org/seleniumhq/selenium/selenium-chrome-driver/3.141.59/selenium-chrome-driver-3.141.59.jar:/Users/jhinni01/.m2/repository/org/seleniumhq/selenium/selenium-edge-driver/3.141.59/selenium-edge-driver-3.141.59.jar:/Users/jhinni01/.m2/repository/org/seleniumhq/selenium/selenium-firefox-driver/3.141.59/selenium-firefox-driver-3.141.59.jar:/Users/jhinni01/.m2/repository/org/seleniumhq/selenium/selenium-ie-driver/3.141.59/selenium-ie-driver-3.141.59.jar:/Users/jhinni01/.m2/repository/org/seleniumhq/selenium/selenium-opera-driver/3.141.59/selenium-opera-driver-3.141.59.jar:/Users/jhinni01/.m2/repository/org/seleniumhq/selenium/selenium-remote-driver/3.141.59/selenium-remote-driver-3.141.59.jar:/Users/jhinni01/.m2/repository/org/seleniumhq/selenium/selenium-safari-driver/3.141.59/selenium-safari-driver-3.141.59.jar:/Users/jhinni01/.m2/repository/org/seleniumhq/selenium/selenium-support/3.141.59/selenium-support-3.141.59.jar:/Users/jhinni01/.m2/repository/net/bytebuddy/byte-buddy/1.8.15/byte-buddy-1.8.15.jar:/Users/jhinni01/.m2/repository/org/apache/commons/commons-exec/1.3/commons-exec-1.3.jar:/Users/jhinni01/.m2/repository/com/google/guava/guava/25.0-jre/guava-25.0-jre.jar:/Users/jhinni01/.m2/repository/com/google/code/findbugs/jsr305/1.3.9/jsr305-1.3.9.jar:/Users/jhinni01/.m2/repository/org/checkerframework/checker-compat-qual/2.0.0/checker-compat-qual-2.0.0.jar:/Users/jhinni01/.m2/repository/com/google/errorprone/error_prone_annotations/2.1.3/error_prone_annotations-2.1.3.jar:/Users/jhinni01/.m2/repository/com/google/j2objc/j2objc-annotations/1.1/j2objc-annotations-1.1.jar:/Users/jhinni01/.m2/repository/org/codehaus/mojo/animal-sniffer-annotations/1.14/animal-sniffer-annotations-1.14.jar:/Users/jhinni01/.m2/repository/com/squareup/okhttp3/okhttp/3.11.0/okhttp-3.11.0.jar:/Users/jhinni01/.m2/repository/com/squareup/okio/okio/1.14.0/okio-1.14.0.jar:/Users/jhinni01/.m2/repository/io/appium/java-client/7.3.0/java-client-7.3.0.jar:/Users/jhinni01/.m2/repository/com/google/code/gson/gson/2.8.5/gson-2.8.5.jar:/Users/jhinni01/.m2/repository/org/apache/httpcomponents/httpclient/4.5.9/httpclient-4.5.9.jar:/Users/jhinni01/.m2/repository/org/apache/httpcomponents/httpcore/4.4.11/httpcore-4.4.11.jar:/Users/jhinni01/.m2/repository/commons-codec/commons-codec/1.11/commons-codec-1.11.jar:/Users/jhinni01/.m2/repository/cglib/cglib/3.2.12/cglib-3.2.12.jar:/Users/jhinni01/.m2/repository/org/ow2/asm/asm/7.1/asm-7.1.jar:/Users/jhinni01/.m2/repository/commons-validator/commons-validator/1.6/commons-validator-1.6.jar:/Users/jhinni01/.m2/repository/commons-beanutils/commons-beanutils/1.9.2/commons-beanutils-1.9.2.jar:/Users/jhinni01/.m2/repository/commons-digester/commons-digester/1.8.1/commons-digester-1.8.1.jar:/Users/jhinni01/.m2/repository/commons-collections/commons-collections/3.2.2/commons-collections-3.2.2.jar:/Users/jhinni01/.m2/repository/org/apache/commons/commons-lang3/3.9/commons-lang3-3.9.jar:/Users/jhinni01/.m2/repository/commons-io/commons-io/2.6/commons-io-2.6.jar:/Users/jhinni01/.m2/repository/org/springframework/spring-context/5.1.8.RELEASE/spring-context-5.1.8.RELEASE.jar:/Users/jhinni01/.m2/repository/org/springframework/spring-aop/5.1.8.RELEASE/spring-aop-5.1.8.RELEASE.jar:/Users/jhinni01/.m2/repository/org/springframework/spring-beans/5.1.8.RELEASE/spring-beans-5.1.8.RELEASE.jar:/Users/jhinni01/.m2/repository/org/springframework/spring-core/5.1.8.RELEASE/spring-core-5.1.8.RELEASE.jar:/Users/jhinni01/.m2/repository/org/springframework/spring-jcl/5.1.8.RELEASE/spring-jcl-5.1.8.RELEASE.jar:/Users/jhinni01/.m2/repository/org/springframework/spring-expression/5.1.8.RELEASE/spring-expression-5.1.8.RELEASE.jar:/Users/jhinni01/.m2/repository/org/aspectj/aspectjweaver/1.9.4/aspectjweaver-1.9.4.jar:/Users/jhinni01/.m2/repository/org/slf4j/slf4j-api/1.7.26/slf4j-api-1.7.26.jar:/Users/jhinni01/.m2/repository/io/github/bonigarcia/webdrivermanager/4.2.0/webdrivermanager-4.2.0.jar:/Users/jhinni01/.m2/repository/org/apache/httpcomponents/client5/httpclient5/5.0.1/httpclient5-5.0.1.jar:/Users/jhinni01/.m2/repository/org/apache/httpcomponents/core5/httpcore5/5.0.1/httpcore5-5.0.1.jar:/Users/jhinni01/.m2/repository/org/apache/httpcomponents/core5/httpcore5-h2/5.0.1/httpcore5-h2-5.0.1.jar:/Users/jhinni01/.m2/repository/org/rauschig/jarchivelib/1.0.0/jarchivelib-1.0.0.jar:/Users/jhinni01/.m2/repository/org/apache/commons/commons-compress/1.18/commons-compress-1.18.jar:/Users/jhinni01/.m2/repository/org/jsoup/jsoup/1.13.1/jsoup-1.13.1.jar:/Users/jhinni01/.m2/repository/org/testng/testng/7.1.0/testng-7.1.0.jar:/Users/jhinni01/.m2/repository/com/beust/jcommander/1.72/jcommander-1.72.jar:/Users/jhinni01/.m2/repository/com/google/inject/guice/4.1.0/guice-4.1.0-no_aop.jar:/Users/jhinni01/.m2/repository/javax/inject/javax.inject/1/javax.inject-1.jar:/Users/jhinni01/.m2/repository/aopalliance/aopalliance/1.0/aopalliance-1.0.jar:/Users/jhinni01/.m2/repository/org/yaml/snakeyaml/1.21/snakeyaml-1.21.jar:/Users/jhinni01/.m2/repository/com/jayway/restassured/rest-assured/2.9.0/rest-assured-2.9.0.jar:/Users/jhinni01/.m2/repository/org/codehaus/groovy/groovy/2.4.4/groovy-2.4.4.jar:/Users/jhinni01/.m2/repository/org/codehaus/groovy/groovy-xml/2.4.4/groovy-xml-2.4.4.jar:/Users/jhinni01/.m2/repository/org/apache/httpcomponents/httpmime/4.5.1/httpmime-4.5.1.jar:/Users/jhinni01/.m2/repository/org/hamcrest/hamcrest-core/1.3/hamcrest-core-1.3.jar:/Users/jhinni01/.m2/repository/org/hamcrest/hamcrest-library/1.3/hamcrest-library-1.3.jar:/Users/jhinni01/.m2/repository/org/ccil/cowan/tagsoup/tagsoup/1.2.1/tagsoup-1.2.1.jar:/Users/jhinni01/.m2/repository/com/jayway/restassured/json-path/2.9.0/json-path-2.9.0.jar:/Users/jhinni01/.m2/repository/org/codehaus/groovy/groovy-json/2.4.4/groovy-json-2.4.4.jar:/Users/jhinni01/.m2/repository/com/jayway/restassured/rest-assured-common/2.9.0/rest-assured-common-2.9.0.jar:/Users/jhinni01/.m2/repository/com/jayway/restassured/xml-path/2.9.0/xml-path-2.9.0.jar:/Users/jhinni01/.m2/repository/io/cucumber/cucumber-java/5.0.0/cucumber-java-5.0.0.jar:/Users/jhinni01/.m2/repository/io/cucumber/cucumber-core/5.0.0/cucumber-core-5.0.0.jar:/Users/jhinni01/.m2/repository/io/cucumber/cucumber-gherkin/5.0.0/cucumber-gherkin-5.0.0.jar:/Users/jhinni01/.m2/repository/io/cucumber/cucumber-gherkin-vintage/5.0.0/cucumber-gherkin-vintage-5.0.0.jar:/Users/jhinni01/.m2/repository/io/cucumber/tag-expressions/2.0.4/tag-expressions-2.0.4.jar:/Users/jhinni01/.m2/repository/io/cucumber/cucumber-expressions/8.3.1/cucumber-expressions-8.3.1.jar:/Users/jhinni01/.m2/repository/io/cucumber/datatable/3.2.0/datatable-3.2.0.jar:/Users/jhinni01/.m2/repository/io/cucumber/cucumber-plugin/5.0.0/cucumber-plugin-5.0.0.jar:/Users/jhinni01/.m2/repository/io/cucumber/docstring/5.0.0/docstring-5.0.0.jar:/Users/jhinni01/.m2/repository/org/apiguardian/apiguardian-api/1.1.0/apiguardian-api-1.1.0.jar:/Users/jhinni01/.m2/repository/junit/junit/4.13/junit-4.13.jar:/Users/jhinni01/.m2/repository/io/cucumber/cucumber-junit/5.0.0/cucumber-junit-5.0.0.jar:/Users/jhinni01/.m2/repository/org/apache/logging/log4j/log4j-api/2.11.1/log4j-api-2.11.1.jar:/Users/jhinni01/.m2/repository/org/apache/logging/log4j/log4j-core/2.11.1/log4j-core-2.11.1.jar:/Users/jhinni01/.m2/repository/org/apache/logging/log4j/log4j-slf4j-impl/2.11.1/log4j-slf4j-impl-2.11.1.jar:/Users/jhinni01/.m2/repository/io/github/seleniumquery/seleniumquery/0.20.0/seleniumquery-0.20.0.jar:/Users/jhinni01/.m2/repository/net/sourceforge/cssparser/cssparser/0.9.26/cssparser-0.9.26.jar:/Users/jhinni01/.m2/repository/org/w3c/css/sac/1.3/sac-1.3.jar:/Users/jhinni01/.m2/repository/org/apache/commons/commons-text/1.6/commons-text-1.6.jar:/Users/jhinni01/.m2/repository/org/seleniumhq/selenium/htmlunit-driver/2.33.3/htmlunit-driver-2.33.3.jar:/Users/jhinni01/.m2/repository/net/sourceforge/htmlunit/htmlunit/2.33/htmlunit-2.33.jar:/Users/jhinni01/.m2/repository/xalan/xalan/2.7.2/xalan-2.7.2.jar:/Users/jhinni01/.m2/repository/xalan/serializer/2.7.2/serializer-2.7.2.jar:/Users/jhinni01/.m2/repository/net/sourceforge/htmlunit/htmlunit-core-js/2.33/htmlunit-core-js-2.33.jar:/Users/jhinni01/.m2/repository/net/sourceforge/htmlunit/neko-htmlunit/2.33/neko-htmlunit-2.33.jar:/Users/jhinni01/.m2/repository/xerces/xercesImpl/2.12.0/xercesImpl-2.12.0.jar:/Users/jhinni01/.m2/repository/xml-apis/xml-apis/1.4.01/xml-apis-1.4.01.jar:/Users/jhinni01/.m2/repository/net/sourceforge/htmlunit/htmlunit-cssparser/1.2.0/htmlunit-cssparser-1.2.0.jar:/Users/jhinni01/.m2/repository/commons-net/commons-net/3.6/commons-net-3.6.jar:/Users/jhinni01/.m2/repository/org/eclipse/jetty/websocket/websocket-client/9.4.12.v20180830/websocket-client-9.4.12.v20180830.jar:/Users/jhinni01/.m2/repository/org/eclipse/jetty/jetty-client/9.4.12.v20180830/jetty-client-9.4.12.v20180830.jar:/Users/jhinni01/.m2/repository/org/eclipse/jetty/jetty-http/9.4.12.v20180830/jetty-http-9.4.12.v20180830.jar:/Users/jhinni01/.m2/repository/org/eclipse/jetty/jetty-xml/9.4.12.v20180830/jetty-xml-9.4.12.v20180830.jar:/Users/jhinni01/.m2/repository/org/eclipse/jetty/jetty-util/9.4.12.v20180830/jetty-util-9.4.12.v20180830.jar:/Users/jhinni01/.m2/repository/org/eclipse/jetty/jetty-io/9.4.12.v20180830/jetty-io-9.4.12.v20180830.jar:/Users/jhinni01/.m2/repository/org/eclipse/jetty/websocket/websocket-common/9.4.12.v20180830/websocket-common-9.4.12.v20180830.jar:/Users/jhinni01/.m2/repository/org/eclipse/jetty/websocket/websocket-api/9.4.12.v20180830/websocket-api-9.4.12.v20180830.jar:/Users/jhinni01/.m2/repository/com/codeborne/phantomjsdriver/1.4.4/phantomjsdriver-1.4.4.jar:/Users/jhinni01/.m2/repository/commons-logging/commons-logging/1.2/commons-logging-1.2.jar:/Users/jhinni01/.m2/repository/org/unbescape/unbescape/1.1.6.RELEASE/unbescape-1.1.6.RELEASE.jar:/Users/jhinni01/.m2/repository/javax/xml/bind/jaxb-api/2.3.1/jaxb-api-2.3.1.jar:/Users/jhinni01/.m2/repository/javax/activation/javax.activation-api/1.2.0/javax.activation-api-1.2.0.jar:"/>
    <property name="sun.cpu.endian" value="little"/>
    <property name="user.home" value="/Users/jhinni01"/>
    <property name="user.language" value="en"/>
    <property name="java.specification.vendor" value="Oracle Corporation"/>
    <property name="java.version.date" value="2020-10-20"/>
    <property name="java.home" value="/usr/local/Cellar/openjdk/15.0.1/libexec/openjdk.jdk/Contents/Home"/>
    <property name="file.separator" value="/"/>
    <property name="basedir" value="/Users/jhinni01/Documents/Nihar/Me/Gitlab_repos/simple_browserstack_demo"/>
    <property name="java.vm.compressedOopsMode" value="Zero based"/>
    <property name="line.separator" value="&#10;"/>
    <property name="java.specification.name" value="Java Platform API Specification"/>
    <property name="java.vm.specification.vendor" value="Oracle Corporation"/>
    <property name="surefire.real.class.path" value="/Users/jhinni01/Documents/Nihar/Me/Gitlab_repos/simple_browserstack_demo/target/surefire/surefirebooter1485431266588742864.jar"/>
    <property name="sun.management.compiler" value="HotSpot 64-Bit Tiered Compilers"/>
    <property name="ftp.nonProxyHosts" value="local|*.local|169.254/16|*.169.254/16"/>
    <property name="java.runtime.version" value="15.0.1+9"/>
    <property name="user.name" value="jhinni01"/>
    <property name="path.separator" value=":"/>
    <property name="os.version" value="10.15.7"/>
    <property name="java.runtime.name" value="OpenJDK Runtime Environment"/>
    <property name="file.encoding" value="UTF-8"/>
    <property name="java.vm.name" value="OpenJDK 64-Bit Server VM"/>
    <property name="localRepository" value="/Users/jhinni01/.m2/repository"/>
    <property name="java.vendor.url.bug" value="https://bugreport.java.com/bugreport/"/>
    <property name="java.io.tmpdir" value="/var/folders/yl/51j_9y3d295c15hcjllb1v2r0000gq/T/"/>
    <property name="java.version" value="15.0.1"/>
    <property name="user.dir" value="/Users/jhinni01/Documents/Nihar/Me/Gitlab_repos/simple_browserstack_demo"/>
    <property name="os.arch" value="x86_64"/>
    <property name="java.vm.specification.name" value="Java Virtual Machine Specification"/>
    <property name="java.library.path" value="/Users/jhinni01/Library/Java/Extensions:/Library/Java/Extensions:/Network/Library/Java/Extensions:/System/Library/Java/Extensions:/usr/lib/java:."/>
    <property name="java.vm.info" value="mixed mode, sharing"/>
    <property name="java.vendor" value="N/A"/>
    <property name="java.vm.version" value="15.0.1+9"/>
    <property name="sun.io.unicode.encoding" value="UnicodeBig"/>
    <property name="socksNonProxyHosts" value="local|*.local|169.254/16|*.169.254/16"/>
    <property name="java.class.version" value="59.0"/>
  </properties>
</testsuite>